<?xml version="1.0" encoding="UTF-8"?>
<robot generator="Robot 7.4.2 (Python 3.12.13 on linux)" generated="2026-04-04T16:04:46.448874" rpa="false" schemaversion="5">
<suite id="s1" name="tt_serial" source="/app/test/renode/tt_serial.robot">
<kw name="Setup" owner="renode-keywords" type="SETUP">
<msg time="2026-04-04T16:04:46.635887" level="TRACE">Arguments: [  ]</msg>
<kw name="Evaluate" owner="BuiltIn">
<msg time="2026-04-04T16:04:46.638132" level="TRACE">Arguments: [ 'platform.system()' | modules='platform' ]</msg>
<msg time="2026-04-04T16:04:46.638496" level="TRACE">Return: 'Linux'</msg>
<msg time="2026-04-04T16:04:46.638648" level="INFO">${SYSTEM} = Linux</msg>
<var>${SYSTEM}</var>
<arg>platform.system()</arg>
<arg>modules=platform</arg>
<doc>Evaluates the given expression in Python and returns the result.</doc>
<status status="PASS" start="2026-04-04T16:04:46.637037" elapsed="0.001663"/>
</kw>
<kw name="Set Variable If" owner="BuiltIn">
<msg time="2026-04-04T16:04:46.639661" level="TRACE">Arguments: [ 'not True and False' | 'Debug' | '${CONFIGURATION}' ]</msg>
<msg time="2026-04-04T16:04:46.640077" level="TRACE">Return: 'Release'</msg>
<msg time="2026-04-04T16:04:46.640278" level="INFO">${CONFIGURATION} = Release</msg>
<var>${CONFIGURATION}</var>
<arg>not ${SKIP_RUNNING_SERVER} and ${SERVER_REMOTE_DEBUG}</arg>
<arg>Debug</arg>
<arg>${CONFIGURATION}</arg>
<doc>Sets variable based on the given condition.</doc>
<status status="PASS" start="2026-04-04T16:04:46.639017" elapsed="0.001307"/>
</kw>
<kw name="Create List" owner="BuiltIn">
<msg time="2026-04-04T16:04:46.640951" level="TRACE">Arguments: [ '--robot-server-port' | '49152' | '--hide-log' ]</msg>
<msg time="2026-04-04T16:04:46.641146" level="TRACE">Return: ['--robot-server-port', '49152', '--hide-log']</msg>
<msg time="2026-04-04T16:04:46.641306" level="INFO">@{PARAMS} = [ --robot-server-port | 49152 | --hide-log ]</msg>
<var>@{PARAMS}</var>
<arg>--robot-server-port</arg>
<arg>${PORT_NUMBER}</arg>
<arg>--hide-log</arg>
<doc>Returns a list containing given items.</doc>
<status status="PASS" start="2026-04-04T16:04:46.640554" elapsed="0.000801"/>
</kw>
<if>
<branch type="IF" condition="${DISABLE_GUI}">
<kw name="Insert Into List" owner="Collections">
<arg>${PARAMS}</arg>
<arg>0</arg>
<arg>--disable-gui</arg>
<doc>Inserts ``value`` into ``list`` to the position specified with ``index``.</doc>
<status status="NOT RUN" start="2026-04-04T16:04:46.641879" elapsed="0.000032"/>
</kw>
<status status="NOT RUN" start="2026-04-04T16:04:46.641567" elapsed="0.000456"/>
</branch>
<status status="PASS" start="2026-04-04T16:04:46.641504" elapsed="0.000580"/>
</if>
<if>
<branch type="IF" condition="not ${SKIP_RUNNING_SERVER}">
<kw name="File Should Exist" owner="OperatingSystem">
<arg>${DIRECTORY}/${BINARY_NAME}</arg>
<arg>msg=Robot Framework remote server binary not found (${DIRECTORY}/${BINARY_NAME}). Did you forget to build it in ${CONFIGURATION} configuration?</arg>
<doc>Fails unless the given ``path`` points to an existing file.</doc>
<status status="NOT RUN" start="2026-04-04T16:04:46.642611" elapsed="0.000034"/>
</kw>
<status status="NOT RUN" start="2026-04-04T16:04:46.642308" elapsed="0.000397"/>
</branch>
<status status="PASS" start="2026-04-04T16:04:46.642262" elapsed="0.000485"/>
</if>
<if>
<branch type="IF" condition="not ${SKIP_RUNNING_SERVER} and not ${SERVER_REMOTE_DEBUG} and not '${SYSTEM}' == 'Windows' and not ${NET_PLATFORM}">
<kw name="Start Process" owner="Process">
<arg>mono</arg>
<arg>${BINARY_NAME}</arg>
<arg>@{PARAMS}</arg>
<arg>cwd=${DIRECTORY}</arg>
<doc>Starts a new process on background.</doc>
<status status="NOT RUN" start="2026-04-04T16:04:46.643391" elapsed="0.000046"/>
</kw>
<status status="NOT RUN" start="2026-04-04T16:04:46.642838" elapsed="0.000660"/>
</branch>
<status status="PASS" start="2026-04-04T16:04:46.642808" elapsed="0.000760"/>
</if>
<if>
<branch type="IF" condition="not ${SKIP_RUNNING_SERVER} and not ${SERVER_REMOTE_DEBUG} and '${SYSTEM}' == 'Windows'">
<kw name="Start Process" owner="Process">
<arg>${BINARY_NAME}</arg>
<arg>@{PARAMS}</arg>
<arg>cwd=${DIRECTORY}</arg>
<arg>shell=true</arg>
<doc>Starts a new process on background.</doc>
<status status="NOT RUN" start="2026-04-04T16:04:46.644112" elapsed="0.000039"/>
</kw>
<status status="NOT RUN" start="2026-04-04T16:04:46.643670" elapsed="0.000623"/>
</branch>
<status status="PASS" start="2026-04-04T16:04:46.643642" elapsed="0.000701"/>
</if>
<if>
<branch type="IF" condition="not ${SKIP_RUNNING_SERVER} and not ${SERVER_REMOTE_DEBUG} and ${NET_PLATFORM}">
<kw name="Start Process" owner="Process">
<arg>dotnet ${BINARY_NAME}</arg>
<arg>@{PARAMS}</arg>
<arg>cwd=${DIRECTORY}</arg>
<arg>shell=true</arg>
<doc>Starts a new process on background.</doc>
<status status="NOT RUN" start="2026-04-04T16:04:46.644825" elapsed="0.000035"/>
</kw>
<status status="NOT RUN" start="2026-04-04T16:04:46.644461" elapsed="0.000460"/>
</branch>
<status status="PASS" start="2026-04-04T16:04:46.644430" elapsed="0.000567"/>
</if>
<if>
<branch type="IF" condition="not ${SKIP_RUNNING_SERVER} and ${SERVER_REMOTE_DEBUG} and not '${SYSTEM}' == 'Windows' and not ${NET_PLATFORM}">
<kw name="Start Process" owner="Process">
<arg>mono</arg>
<arg>--debug</arg>
<arg>--debugger-agent\=transport\=dt_socket,address\=0.0.0.0:${SERVER_REMOTE_PORT},server\=y,suspend\=${SERVER_REMOTE_SUSPEND}</arg>
<arg>${BINARY_NAME}</arg>
<arg>@{PARAMS}</arg>
<arg>cwd=${DIRECTORY}</arg>
<doc>Starts a new process on background.</doc>
<status status="NOT RUN" start="2026-04-04T16:04:46.645502" elapsed="0.000030"/>
</kw>
<status status="NOT RUN" start="2026-04-04T16:04:46.645112" elapsed="0.000484"/>
</branch>
<status status="PASS" start="2026-04-04T16:04:46.645081" elapsed="0.000555"/>
</if>
<if>
<branch type="IF" condition="not ${SKIP_RUNNING_SERVER} and ${SERVER_REMOTE_DEBUG} and '${SYSTEM}' == 'Windows'">
<kw name="Fatal Error" owner="BuiltIn">
<arg>Windows doesn't support server remote debug option.</arg>
<doc>Stops the whole test execution.</doc>
<status status="NOT RUN" start="2026-04-04T16:04:46.646197" elapsed="0.000037"/>
</kw>
<status status="NOT RUN" start="2026-04-04T16:04:46.645729" elapsed="0.000624"/>
</branch>
<status status="PASS" start="2026-04-04T16:04:46.645700" elapsed="0.000705"/>
</if>
<if>
<branch type="IF" condition="not '${SYSTEM}' == 'Windows'">
<kw name="Wait Until Keyword Succeeds" owner="BuiltIn">
<msg time="2026-04-04T16:04:46.647514" level="TRACE">Arguments: [ '60s' | '1s' | 'Import Library' | 'Remote' | 'http://127.0.0.1:${PORT_NUMBER}/' ]</msg>
<kw name="Import Library" owner="BuiltIn">
<msg time="2026-04-04T16:04:46.648351" level="TRACE">Arguments: [ 'Remote' | 'http://127.0.0.1:${PORT_NUMBER}/' ]</msg>
<msg time="2026-04-04T16:04:47.276040" level="TRACE">Return: None</msg>
<arg>Remote</arg>
<arg>http://127.0.0.1:${PORT_NUMBER}/</arg>
<doc>Imports a library with the given name and optional arguments.</doc>
<status status="PASS" start="2026-04-04T16:04:46.647922" elapsed="0.628246"/>
</kw>
<msg time="2026-04-04T16:04:47.276348" level="TRACE">Return: None</msg>
<arg>60s</arg>
<arg>1s</arg>
<arg>Import Library</arg>
<arg>Remote</arg>
<arg>http://127.0.0.1:${PORT_NUMBER}/</arg>
<doc>Runs the specified keyword and retries if it fails.</doc>
<status status="PASS" start="2026-04-04T16:04:46.646805" elapsed="0.629622"/>
</kw>
<status status="PASS" start="2026-04-04T16:04:46.646511" elapsed="0.629978"/>
</branch>
<status status="PASS" start="2026-04-04T16:04:46.646480" elapsed="0.630065"/>
</if>
<if>
<branch type="IF" condition="'${SYSTEM}' == 'Windows'">
<kw name="Wait Until Keyword Succeeds" owner="BuiltIn">
<arg>60s</arg>
<arg>1s</arg>
<arg>Import Library</arg>
<arg>Remote</arg>
<arg>http://localhost:${PORT_NUMBER}/</arg>
<doc>Runs the specified keyword and retries if it fails.</doc>
<status status="NOT RUN" start="2026-04-04T16:04:47.277336" elapsed="0.000051"/>
</kw>
<status status="NOT RUN" start="2026-04-04T16:04:47.276669" elapsed="0.000783"/>
</branch>
<status status="PASS" start="2026-04-04T16:04:47.276633" elapsed="0.000855"/>
</if>
<kw name="Setup Renode" owner="renode-keywords">
<msg time="2026-04-04T16:04:47.278114" level="TRACE">